<?xml version="1.0" encoding="UTF-8"?>
<!-- Generated by org.testng.reporters.JUnitReportReporter -->
<testsuite hostname="DESKTOP-70BRGDP" failures="0" tests="1" name="com.epam.lab.test.BrowserPageTest" time="9.128" errors="0" timestamp="09 мар. 2022 16:36:42 GMT" skipped="0">
  <testcase classname="com.epam.lab.test.BrowserPageTest" name="checkingPageBrowser" time="9.128"/>
</testsuite> <!-- com.epam.lab.test.BrowserPageTest -->
